-------------------------------------------------------------------------------
Test set: ThirdEdgeTest
-------------------------------------------------------------------------------
Tests run: 1, Failures: 1, Errors: 0, Skipped: 0, Time elapsed: 0 sec <<< FAILURE!
ThirdEdgeTest.testGoogleSearch()  Time elapsed: 0 sec  <<< FAILURE!
java.lang.NullPointerException
	at ThirdEdgeTest.testGoogleSearch(ThirdEdgeTest.java:37)

